{"C:\\Users\\Admin\\Desktop\\FutureProof\\quizolation\\src\\App.js": {"path":"C:\\Users\\Admin\\Desktop\\FutureProof\\quizolation\\src\\App.js","statementMap":{"0":{"start":{"line":13,"column":10},"end":{"line":21,"column":3}},"1":{"start":{"line":23,"column":20},"end":{"line":44,"column":3}},"2":{"start":{"line":32,"column":8},"end":{"line":32,"column":16}},"3":{"start":{"line":33,"column":4},"end":{"line":41,"column":7}},"4":{"start":{"line":42,"column":4},"end":{"line":42,"column":42}},"5":{"start":{"line":43,"column":4},"end":{"line":43,"column":42}},"6":{"start":{"line":47,"column":4},"end":{"line":91,"column":6}},"7":{"start":{"line":61,"column":26},"end":{"line":61,"column":65}},"8":{"start":{"line":67,"column":14},"end":{"line":76,"column":16}},"9":{"start":{"line":83,"column":14},"end":{"line":83,"column":73}}},"fnMap":{"0":{"name":"(anonymous_0)","decl":{"start":{"line":23,"column":20},"end":{"line":23,"column":21}},"loc":{"start":{"line":23,"column":34},"end":{"line":44,"column":3}},"line":23},"1":{"name":"(anonymous_1)","decl":{"start":{"line":46,"column":2},"end":{"line":46,"column":3}},"loc":{"start":{"line":46,"column":11},"end":{"line":92,"column":3}},"line":46},"2":{"name":"(anonymous_2)","decl":{"start":{"line":61,"column":20},"end":{"line":61,"column":21}},"loc":{"start":{"line":61,"column":26},"end":{"line":61,"column":65}},"line":61},"3":{"name":"(anonymous_3)","decl":{"start":{"line":66,"column":20},"end":{"line":66,"column":21}},"loc":{"start":{"line":67,"column":14},"end":{"line":76,"column":16}},"line":67},"4":{"name":"(anonymous_4)","decl":{"start":{"line":82,"column":20},"end":{"line":82,"column":21}},"loc":{"start":{"line":83,"column":14},"end":{"line":83,"column":73}},"line":83}},"branchMap":{},"s":{"0":0,"1":0,"2":0,"3":0,"4":0,"5":0,"6":0,"7":0,"8":0,"9":0},"f":{"0":0,"1":0,"2":0,"3":0,"4":0},"b":{},"_coverageSchema":"1a1c01bbd47fc00a2c39e90264f33305004495a9","hash":"44422fb366951c624d390f24eced5f351eadeb5c"}
,"C:\\Users\\Admin\\Desktop\\FutureProof\\quizolation\\src\\components\\InputPage.js": {"path":"C:\\Users\\Admin\\Desktop\\FutureProof\\quizolation\\src\\components\\InputPage.js","statementMap":{"0":{"start":{"line":8,"column":10},"end":{"line":17,"column":3}},"1":{"start":{"line":18,"column":18},"end":{"line":23,"column":3}},"2":{"start":{"line":19,"column":4},"end":{"line":19,"column":21}},"3":{"start":{"line":20,"column":21},"end":{"line":20,"column":34}},"4":{"start":{"line":21,"column":22},"end":{"line":21,"column":36}},"5":{"start":{"line":22,"column":4},"end":{"line":22,"column":60}},"6":{"start":{"line":25,"column":20},"end":{"line":30,"column":3}},"7":{"start":{"line":26,"column":4},"end":{"line":26,"column":23}},"8":{"start":{"line":28,"column":4},"end":{"line":28,"column":39}},"9":{"start":{"line":29,"column":4},"end":{"line":29,"column":31}},"10":{"start":{"line":33,"column":4},"end":{"line":33,"column":28}},"11":{"start":{"line":34,"column":4},"end":{"line":142,"column":6}}},"fnMap":{"0":{"name":"(anonymous_0)","decl":{"start":{"line":18,"column":18},"end":{"line":18,"column":19}},"loc":{"start":{"line":18,"column":25},"end":{"line":23,"column":3}},"line":18},"1":{"name":"(anonymous_1)","decl":{"start":{"line":25,"column":20},"end":{"line":25,"column":21}},"loc":{"start":{"line":25,"column":27},"end":{"line":30,"column":3}},"line":25},"2":{"name":"(anonymous_2)","decl":{"start":{"line":32,"column":2},"end":{"line":32,"column":3}},"loc":{"start":{"line":32,"column":11},"end":{"line":143,"column":3}},"line":32}},"branchMap":{},"s":{"0":3,"1":3,"2":1,"3":1,"4":1,"5":1,"6":3,"7":0,"8":0,"9":0,"10":4,"11":4},"f":{"0":1,"1":0,"2":4},"b":{},"_coverageSchema":"1a1c01bbd47fc00a2c39e90264f33305004495a9","hash":"d2ab44fefd90338bfdd276e54c76f150a818f41e"}
,"C:\\Users\\Admin\\Desktop\\FutureProof\\quizolation\\src\\components\\NavBar.js": {"path":"C:\\Users\\Admin\\Desktop\\FutureProof\\quizolation\\src\\components\\NavBar.js","statementMap":{"0":{"start":{"line":4,"column":15},"end":{"line":12,"column":1}},"1":{"start":{"line":5,"column":2},"end":{"line":11,"column":4}}},"fnMap":{"0":{"name":"(anonymous_0)","decl":{"start":{"line":4,"column":15},"end":{"line":4,"column":16}},"loc":{"start":{"line":4,"column":21},"end":{"line":12,"column":1}},"line":4}},"branchMap":{},"s":{"0":3,"1":2},"f":{"0":2},"b":{},"_coverageSchema":"1a1c01bbd47fc00a2c39e90264f33305004495a9","hash":"0fb0388da349e56d9279eb78276806a1cf55f2d6"}
,"C:\\Users\\Admin\\Desktop\\FutureProof\\quizolation\\src\\components\\Question.js": {"path":"C:\\Users\\Admin\\Desktop\\FutureProof\\quizolation\\src\\components\\Question.js","statementMap":{"0":{"start":{"line":8,"column":4},"end":{"line":8,"column":17}},"1":{"start":{"line":9,"column":4},"end":{"line":11,"column":6}},"2":{"start":{"line":12,"column":4},"end":{"line":12,"column":25}},"3":{"start":{"line":16,"column":4},"end":{"line":16,"column":22}},"4":{"start":{"line":21,"column":17},"end":{"line":31,"column":3}},"5":{"start":{"line":22,"column":18},"end":{"line":22,"column":20}},"6":{"start":{"line":23,"column":4},"end":{"line":23,"column":53}},"7":{"start":{"line":24,"column":4},"end":{"line":26,"column":6}},"8":{"start":{"line":25,"column":6},"end":{"line":25,"column":26}},"9":{"start":{"line":27,"column":4},"end":{"line":27,"column":44}},"10":{"start":{"line":27,"column":23},"end":{"line":27,"column":42}},"11":{"start":{"line":30,"column":4},"end":{"line":30,"column":19}},"12":{"start":{"line":33,"column":15},"end":{"line":67,"column":3}},"13":{"start":{"line":34,"column":26},"end":{"line":34,"column":44}},"14":{"start":{"line":36,"column":4},"end":{"line":66,"column":12}},"15":{"start":{"line":37,"column":20},"end":{"line":37,"column":30}},"16":{"start":{"line":38,"column":25},"end":{"line":38,"column":44}},"17":{"start":{"line":41,"column":24},"end":{"line":41,"column":78}},"18":{"start":{"line":42,"column":24},"end":{"line":42,"column":68}},"19":{"start":{"line":47,"column":8},"end":{"line":65,"column":9}},"20":{"start":{"line":48,"column":12},"end":{"line":48,"column":41}},"21":{"start":{"line":49,"column":12},"end":{"line":57,"column":15}},"22":{"start":{"line":55,"column":16},"end":{"line":55,"column":41}},"23":{"start":{"line":56,"column":16},"end":{"line":56,"column":45}},"24":{"start":{"line":59,"column":12},"end":{"line":64,"column":14}},"25":{"start":{"line":73,"column":8},"end":{"line":73,"column":18}},"26":{"start":{"line":75,"column":24},"end":{"line":75,"column":43}},"27":{"start":{"line":77,"column":4},"end":{"line":135,"column":6}}},"fnMap":{"0":{"name":"(anonymous_0)","decl":{"start":{"line":7,"column":2},"end":{"line":7,"column":3}},"loc":{"start":{"line":7,"column":21},"end":{"line":13,"column":3}},"line":7},"1":{"name":"(anonymous_1)","decl":{"start":{"line":15,"column":2},"end":{"line":15,"column":3}},"loc":{"start":{"line":15,"column":22},"end":{"line":18,"column":3}},"line":15},"2":{"name":"(anonymous_2)","decl":{"start":{"line":21,"column":17},"end":{"line":21,"column":18}},"loc":{"start":{"line":21,"column":23},"end":{"line":31,"column":3}},"line":21},"3":{"name":"(anonymous_3)","decl":{"start":{"line":24,"column":50},"end":{"line":24,"column":51}},"loc":{"start":{"line":25,"column":6},"end":{"line":25,"column":26}},"line":25},"4":{"name":"(anonymous_4)","decl":{"start":{"line":27,"column":17},"end":{"line":27,"column":18}},"loc":{"start":{"line":27,"column":23},"end":{"line":27,"column":42}},"line":27},"5":{"name":"(anonymous_5)","decl":{"start":{"line":33,"column":15},"end":{"line":33,"column":16}},"loc":{"start":{"line":33,"column":21},"end":{"line":67,"column":3}},"line":33},"6":{"name":"(anonymous_6)","decl":{"start":{"line":36,"column":32},"end":{"line":36,"column":33}},"loc":{"start":{"line":36,"column":38},"end":{"line":66,"column":5}},"line":36},"7":{"name":"(anonymous_7)","decl":{"start":{"line":54,"column":15},"end":{"line":54,"column":16}},"loc":{"start":{"line":54,"column":21},"end":{"line":57,"column":13}},"line":54},"8":{"name":"(anonymous_8)","decl":{"start":{"line":69,"column":2},"end":{"line":69,"column":3}},"loc":{"start":{"line":69,"column":11},"end":{"line":136,"column":3}},"line":69}},"branchMap":{"0":{"loc":{"start":{"line":47,"column":8},"end":{"line":65,"column":9}},"type":"if","locations":[{"start":{"line":47,"column":8},"end":{"line":65,"column":9}},{"start":{"line":47,"column":8},"end":{"line":65,"column":9}}],"line":47}},"s":{"0":0,"1":0,"2":0,"3":0,"4":0,"5":0,"6":0,"7":0,"8":0,"9":0,"10":0,"11":0,"12":0,"13":0,"14":0,"15":0,"16":0,"17":0,"18":0,"19":0,"20":0,"21":0,"22":0,"23":0,"24":0,"25":0,"26":0,"27":0},"f":{"0":0,"1":0,"2":0,"3":0,"4":0,"5":0,"6":0,"7":0,"8":0},"b":{"0":[0,0]},"_coverageSchema":"1a1c01bbd47fc00a2c39e90264f33305004495a9","hash":"c47b2bcef8aa6cae0b9394dbfdc4b297e9acd954"}
,"C:\\Users\\Admin\\Desktop\\FutureProof\\quizolation\\src\\container\\LandingPage.js": {"path":"C:\\Users\\Admin\\Desktop\\FutureProof\\quizolation\\src\\container\\LandingPage.js","statementMap":{"0":{"start":{"line":9,"column":8},"end":{"line":15,"column":9}}},"fnMap":{"0":{"name":"(anonymous_0)","decl":{"start":{"line":8,"column":4},"end":{"line":8,"column":5}},"loc":{"start":{"line":8,"column":13},"end":{"line":16,"column":5}},"line":8}},"branchMap":{},"s":{"0":4},"f":{"0":4},"b":{},"_coverageSchema":"1a1c01bbd47fc00a2c39e90264f33305004495a9","hash":"d871107aeb7be8f9b0139361cfeaf850e9d16d78"}
,"C:\\Users\\Admin\\Desktop\\FutureProof\\quizolation\\src\\container\\QuestionPage.js": {"path":"C:\\Users\\Admin\\Desktop\\FutureProof\\quizolation\\src\\container\\QuestionPage.js","statementMap":{"0":{"start":{"line":9,"column":4},"end":{"line":9,"column":17}},"1":{"start":{"line":10,"column":4},"end":{"line":31,"column":6}},"2":{"start":{"line":35,"column":4},"end":{"line":35,"column":24}},"3":{"start":{"line":37,"column":17},"end":{"line":54,"column":3}},"4":{"start":{"line":38,"column":4},"end":{"line":40,"column":5}},"5":{"start":{"line":39,"column":6},"end":{"line":39,"column":68}},"6":{"start":{"line":41,"column":14},"end":{"line":41,"column":164}},"7":{"start":{"line":42,"column":19},"end":{"line":42,"column":35}},"8":{"start":{"line":43,"column":15},"end":{"line":43,"column":36}},"9":{"start":{"line":44,"column":4},"end":{"line":48,"column":5}},"10":{"start":{"line":45,"column":6},"end":{"line":45,"column":163}},"11":{"start":{"line":46,"column":6},"end":{"line":46,"column":34}},"12":{"start":{"line":47,"column":6},"end":{"line":47,"column":35}},"13":{"start":{"line":49,"column":4},"end":{"line":53,"column":5}},"14":{"start":{"line":50,"column":6},"end":{"line":50,"column":54}},"15":{"start":{"line":52,"column":6},"end":{"line":52,"column":49}},"16":{"start":{"line":56,"column":4},"end":{"line":56,"column":24}},"17":{"start":{"line":59,"column":14},"end":{"line":64,"column":3}},"18":{"start":{"line":60,"column":4},"end":{"line":60,"column":23}},"19":{"start":{"line":61,"column":4},"end":{"line":61,"column":36}},"20":{"start":{"line":63,"column":4},"end":{"line":63,"column":28}},"21":{"start":{"line":66,"column":21},"end":{"line":75,"column":3}},"22":{"start":{"line":67,"column":4},"end":{"line":74,"column":5}},"23":{"start":{"line":68,"column":6},"end":{"line":68,"column":42}},"24":{"start":{"line":70,"column":6},"end":{"line":70,"column":69}},"25":{"start":{"line":71,"column":22},"end":{"line":71,"column":55}},"26":{"start":{"line":72,"column":6},"end":{"line":72,"column":55}},"27":{"start":{"line":73,"column":6},"end":{"line":73,"column":53}},"28":{"start":{"line":77,"column":16},"end":{"line":92,"column":3}},"29":{"start":{"line":78,"column":4},"end":{"line":78,"column":23}},"30":{"start":{"line":80,"column":18},"end":{"line":80,"column":39}},"31":{"start":{"line":81,"column":4},"end":{"line":83,"column":6}},"32":{"start":{"line":84,"column":4},"end":{"line":91,"column":5}},"33":{"start":{"line":85,"column":6},"end":{"line":85,"column":64}},"34":{"start":{"line":86,"column":11},"end":{"line":91,"column":5}},"35":{"start":{"line":90,"column":6},"end":{"line":90,"column":50}},"36":{"start":{"line":95,"column":4},"end":{"line":95,"column":59}},"37":{"start":{"line":97,"column":4},"end":{"line":122,"column":6}},"38":{"start":{"line":109,"column":12},"end":{"line":114,"column":14}}},"fnMap":{"0":{"name":"(anonymous_0)","decl":{"start":{"line":8,"column":2},"end":{"line":8,"column":3}},"loc":{"start":{"line":8,"column":21},"end":{"line":32,"column":3}},"line":8},"1":{"name":"(anonymous_1)","decl":{"start":{"line":34,"column":2},"end":{"line":34,"column":3}},"loc":{"start":{"line":34,"column":22},"end":{"line":36,"column":3}},"line":34},"2":{"name":"(anonymous_2)","decl":{"start":{"line":37,"column":17},"end":{"line":37,"column":18}},"loc":{"start":{"line":37,"column":29},"end":{"line":54,"column":3}},"line":37},"3":{"name":"(anonymous_3)","decl":{"start":{"line":55,"column":2},"end":{"line":55,"column":3}},"loc":{"start":{"line":55,"column":25},"end":{"line":57,"column":3}},"line":55},"4":{"name":"(anonymous_4)","decl":{"start":{"line":59,"column":14},"end":{"line":59,"column":15}},"loc":{"start":{"line":59,"column":21},"end":{"line":64,"column":3}},"line":59},"5":{"name":"(anonymous_5)","decl":{"start":{"line":66,"column":21},"end":{"line":66,"column":22}},"loc":{"start":{"line":66,"column":27},"end":{"line":75,"column":3}},"line":66},"6":{"name":"(anonymous_6)","decl":{"start":{"line":77,"column":16},"end":{"line":77,"column":17}},"loc":{"start":{"line":77,"column":23},"end":{"line":92,"column":3}},"line":77},"7":{"name":"(anonymous_7)","decl":{"start":{"line":94,"column":2},"end":{"line":94,"column":3}},"loc":{"start":{"line":94,"column":11},"end":{"line":123,"column":3}},"line":94},"8":{"name":"(anonymous_8)","decl":{"start":{"line":108,"column":18},"end":{"line":108,"column":19}},"loc":{"start":{"line":109,"column":12},"end":{"line":114,"column":14}},"line":109}},"branchMap":{"0":{"loc":{"start":{"line":38,"column":4},"end":{"line":40,"column":5}},"type":"if","locations":[{"start":{"line":38,"column":4},"end":{"line":40,"column":5}},{"start":{"line":38,"column":4},"end":{"line":40,"column":5}}],"line":38},"1":{"loc":{"start":{"line":44,"column":4},"end":{"line":48,"column":5}},"type":"if","locations":[{"start":{"line":44,"column":4},"end":{"line":48,"column":5}},{"start":{"line":44,"column":4},"end":{"line":48,"column":5}}],"line":44},"2":{"loc":{"start":{"line":49,"column":4},"end":{"line":53,"column":5}},"type":"if","locations":[{"start":{"line":49,"column":4},"end":{"line":53,"column":5}},{"start":{"line":49,"column":4},"end":{"line":53,"column":5}}],"line":49},"3":{"loc":{"start":{"line":67,"column":4},"end":{"line":74,"column":5}},"type":"if","locations":[{"start":{"line":67,"column":4},"end":{"line":74,"column":5}},{"start":{"line":67,"column":4},"end":{"line":74,"column":5}}],"line":67},"4":{"loc":{"start":{"line":84,"column":4},"end":{"line":91,"column":5}},"type":"if","locations":[{"start":{"line":84,"column":4},"end":{"line":91,"column":5}},{"start":{"line":84,"column":4},"end":{"line":91,"column":5}}],"line":84},"5":{"loc":{"start":{"line":86,"column":11},"end":{"line":91,"column":5}},"type":"if","locations":[{"start":{"line":86,"column":11},"end":{"line":91,"column":5}},{"start":{"line":86,"column":11},"end":{"line":91,"column":5}}],"line":86},"6":{"loc":{"start":{"line":99,"column":9},"end":{"line":104,"column":9}},"type":"binary-expr","locations":[{"start":{"line":99,"column":9},"end":{"line":99,"column":27}},{"start":{"line":100,"column":10},"end":{"line":103,"column":17}}],"line":99}},"s":{"0":0,"1":0,"2":0,"3":0,"4":0,"5":0,"6":0,"7":0,"8":0,"9":0,"10":0,"11":0,"12":0,"13":0,"14":0,"15":0,"16":0,"17":0,"18":0,"19":0,"20":0,"21":0,"22":0,"23":0,"24":0,"25":0,"26":0,"27":0,"28":0,"29":0,"30":0,"31":0,"32":0,"33":0,"34":0,"35":0,"36":0,"37":0,"38":0},"f":{"0":0,"1":0,"2":0,"3":0,"4":0,"5":0,"6":0,"7":0,"8":0},"b":{"0":[0,0],"1":[0,0],"2":[0,0],"3":[0,0],"4":[0,0],"5":[0,0],"6":[0,0]},"_coverageSchema":"1a1c01bbd47fc00a2c39e90264f33305004495a9","hash":"d9317b2d428711f519bd5e692f29b56e211ef6a1"}
,"C:\\Users\\Admin\\Desktop\\FutureProof\\quizolation\\src\\container\\QuizForm.js": {"path":"C:\\Users\\Admin\\Desktop\\FutureProof\\quizolation\\src\\container\\QuizForm.js","statementMap":{"0":{"start":{"line":6,"column":4},"end":{"line":10,"column":6}}},"fnMap":{"0":{"name":"(anonymous_0)","decl":{"start":{"line":5,"column":2},"end":{"line":5,"column":3}},"loc":{"start":{"line":5,"column":11},"end":{"line":11,"column":3}},"line":5}},"branchMap":{},"s":{"0":4},"f":{"0":4},"b":{},"_coverageSchema":"1a1c01bbd47fc00a2c39e90264f33305004495a9","hash":"eafa0728771c4402b48868f7a973a2c55f22bf38"}
,"C:\\Users\\Admin\\Desktop\\FutureProof\\quizolation\\src\\container\\ResultsPage.js": {"path":"C:\\Users\\Admin\\Desktop\\FutureProof\\quizolation\\src\\container\\ResultsPage.js","statementMap":{"0":{"start":{"line":9,"column":10},"end":{"line":9,"column":12}},"1":{"start":{"line":12,"column":4},"end":{"line":23,"column":6}}},"fnMap":{"0":{"name":"(anonymous_0)","decl":{"start":{"line":11,"column":2},"end":{"line":11,"column":3}},"loc":{"start":{"line":11,"column":11},"end":{"line":24,"column":3}},"line":11}},"branchMap":{},"s":{"0":0,"1":0},"f":{"0":0},"b":{},"_coverageSchema":"1a1c01bbd47fc00a2c39e90264f33305004495a9","hash":"d0fccc6588c0be25338de9872c334a0baa635a8d"}
}
