TN:
SF:src\App.js
FN:23,(anonymous_0)
FN:46,(anonymous_1)
FN:61,(anonymous_2)
FN:66,(anonymous_3)
FN:82,(anonymous_4)
FNF:5
FNH:0
FNDA:0,(anonymous_0)
FNDA:0,(anonymous_1)
FNDA:0,(anonymous_2)
FNDA:0,(anonymous_3)
FNDA:0,(anonymous_4)
DA:13,0
DA:23,0
DA:32,0
DA:33,0
DA:42,0
DA:43,0
DA:47,0
DA:61,0
DA:67,0
DA:83,0
LF:10
LH:0
BRF:0
BRH:0
end_of_record
TN:
SF:src\components\InputPage.js
FN:18,(anonymous_0)
FN:25,(anonymous_1)
FN:32,(anonymous_2)
FNF:3
FNH:2
FNDA:1,(anonymous_0)
FNDA:0,(anonymous_1)
FNDA:4,(anonymous_2)
DA:8,3
DA:18,3
DA:19,1
DA:20,1
DA:21,1
DA:22,1
DA:25,3
DA:26,0
DA:28,0
DA:29,0
DA:33,4
DA:34,4
LF:12
LH:9
BRF:0
BRH:0
end_of_record
TN:
SF:src\components\NavBar.js
FN:4,(anonymous_0)
FNF:1
FNH:1
FNDA:2,(anonymous_0)
DA:4,3
DA:5,2
LF:2
LH:2
BRF:0
BRH:0
end_of_record
TN:
SF:src\components\Question.js
FN:7,(anonymous_0)
FN:15,(anonymous_1)
FN:21,(anonymous_2)
FN:24,(anonymous_3)
FN:27,(anonymous_4)
FN:33,(anonymous_5)
FN:36,(anonymous_6)
FN:54,(anonymous_7)
FN:69,(anonymous_8)
FNF:9
FNH:0
FNDA:0,(anonymous_0)
FNDA:0,(anonymous_1)
FNDA:0,(anonymous_2)
FNDA:0,(anonymous_3)
FNDA:0,(anonymous_4)
FNDA:0,(anonymous_5)
FNDA:0,(anonymous_6)
FNDA:0,(anonymous_7)
FNDA:0,(anonymous_8)
DA:8,0
DA:9,0
DA:12,0
DA:16,0
DA:21,0
DA:22,0
DA:23,0
DA:24,0
DA:25,0
DA:27,0
DA:30,0
DA:33,0
DA:34,0
DA:36,0
DA:37,0
DA:38,0
DA:41,0
DA:42,0
DA:47,0
DA:48,0
DA:49,0
DA:55,0
DA:56,0
DA:59,0
DA:73,0
DA:75,0
DA:77,0
LF:27
LH:0
BRDA:47,0,0,0
BRDA:47,0,1,0
BRF:2
BRH:0
end_of_record
TN:
SF:src\container\LandingPage.js
FN:8,(anonymous_0)
FNF:1
FNH:1
FNDA:4,(anonymous_0)
DA:9,4
LF:1
LH:1
BRF:0
BRH:0
end_of_record
TN:
SF:src\container\QuestionPage.js
FN:8,(anonymous_0)
FN:34,(anonymous_1)
FN:37,(anonymous_2)
FN:55,(anonymous_3)
FN:59,(anonymous_4)
FN:66,(anonymous_5)
FN:77,(anonymous_6)
FN:94,(anonymous_7)
FN:108,(anonymous_8)
FNF:9
FNH:0
FNDA:0,(anonymous_0)
FNDA:0,(anonymous_1)
FNDA:0,(anonymous_2)
FNDA:0,(anonymous_3)
FNDA:0,(anonymous_4)
FNDA:0,(anonymous_5)
FNDA:0,(anonymous_6)
FNDA:0,(anonymous_7)
FNDA:0,(anonymous_8)
DA:9,0
DA:10,0
DA:35,0
DA:37,0
DA:38,0
DA:39,0
DA:41,0
DA:42,0
DA:43,0
DA:44,0
DA:45,0
DA:46,0
DA:47,0
DA:49,0
DA:50,0
DA:52,0
DA:56,0
DA:59,0
DA:60,0
DA:61,0
DA:63,0
DA:66,0
DA:67,0
DA:68,0
DA:70,0
DA:71,0
DA:72,0
DA:73,0
DA:77,0
DA:78,0
DA:80,0
DA:81,0
DA:84,0
DA:85,0
DA:86,0
DA:90,0
DA:95,0
DA:97,0
DA:109,0
LF:39
LH:0
BRDA:38,0,0,0
BRDA:38,0,1,0
BRDA:44,1,0,0
BRDA:44,1,1,0
BRDA:49,2,0,0
BRDA:49,2,1,0
BRDA:67,3,0,0
BRDA:67,3,1,0
BRDA:84,4,0,0
BRDA:84,4,1,0
BRDA:86,5,0,0
BRDA:86,5,1,0
BRDA:99,6,0,0
BRDA:99,6,1,0
BRF:14
BRH:0
end_of_record
TN:
SF:src\container\QuizForm.js
FN:5,(anonymous_0)
FNF:1
FNH:1
FNDA:4,(anonymous_0)
DA:6,4
LF:1
LH:1
BRF:0
BRH:0
end_of_record
TN:
SF:src\container\ResultsPage.js
FN:11,(anonymous_0)
FNF:1
FNH:0
FNDA:0,(anonymous_0)
DA:9,0
DA:12,0
LF:2
LH:0
BRF:0
BRH:0
end_of_record
